<?xml version="1.0" encoding="UTF-8"?>
<!-- Generated by org.testng.reporters.JUnitReportReporter -->
<testsuite skipped="0" hostname="DESKTOP-G101SCM" name="com.Selenium.My_Framework.Login" tests="3" failures="0" timestamp="2021-12-09T16:08:13 IST" time="14.718" errors="0">
  <testcase name="tc1" time="8.283" classname="com.Selenium.My_Framework.Login"/>
  <system-out/>
  <testcase name="TC2" time="5.364" classname="com.Selenium.My_Framework.Login"/>
  <system-out/>
  <testcase name="TC3" time="1.071" classname="com.Selenium.My_Framework.Login"/>
  <system-out/>
</testsuite> <!-- com.Selenium.My_Framework.Login -->
