<?xml version="1.0" encoding="UTF-8"?>
<!-- Generated by org.testng.reporters.JUnitReportReporter -->
<testsuite skipped="0" hostname="DESKTOP-G101SCM" name="com.Selenium.My_Framework.RestPostSample" tests="1" failures="0" timestamp="2022-03-31T20:22:31 IST" time="3.221" errors="0">
  <testcase name="jsonsimple" time="3.221" classname="com.Selenium.My_Framework.RestPostSample"/>
  <system-out/>
</testsuite> <!-- com.Selenium.My_Framework.RestPostSample -->
