<?xml version="1.0" encoding="UTF-8"?>
<!-- Generated by org.testng.reporters.JUnitReportReporter -->
<testsuite skipped="0" hostname="DESKTOP-G101SCM" name="com.Selenium.My_Framework.Restsameput" tests="1" failures="0" timestamp="2022-03-31T21:19:13 IST" time="4.119" errors="0">
  <testcase name="jsonsimplepp" time="4.119" classname="com.Selenium.My_Framework.Restsameput"/>
  <system-out/>
</testsuite> <!-- com.Selenium.My_Framework.Restsameput -->
